<?xml version="1.0" encoding="UTF-8"?>
<!-- Generated by org.testng.reporters.JUnitXMLReporter -->
<testsuite ignored="0" hostname="dominique-7ls5" failures="0" tests="3" name="Qa techhub Test" time="13.425" errors="0" timestamp="2022-02-04T08:26:04 UTC">
  <testcase classname="test.WorkingWithChrome" name="formElement" time="4.366"/>
  <testcase classname="test.WorkingWithChrome" name="verifyDragAndDrop" time="2.427"/>
  <testcase classname="test.WorkingWithChrome" name="verifyTitleOfThePage" time="2.151"/>
</testsuite> <!-- Qa techhub Test -->
