<?xml version="1.0" encoding="UTF-8"?>
<!-- Generated by org.testng.reporters.JUnitXMLReporter -->
<testsuite ignored="0" hostname="dominique-7ls5" failures="1" tests="5" name="Test" time="27.869" errors="0" timestamp="2022-02-04T14:18:04 UTC">
  <testcase classname="test.WorkingWithChrome" name="formElement" time="3.687"/>
  <testcase classname="test.WorkingWithChrome" name="formElement" time="2.79"/>
  <testcase classname="test.WorkingWithChrome" name="verifyDragAndDrop" time="2.615"/>
  <testcase classname="test.WorkingWithChrome" name="verifyTitleOfThePage" time="2.354">
    <failure type="java.lang.AssertionError" message="expected [Test QA Tech Hub – Learning By Doing is the best way to learn!!!!] but found [Test QA Tech Hub – Learning By Doing is the best way to learn!]">
      <![CDATA[java.lang.AssertionError: expected [Test QA Tech Hub – Learning By Doing is the best way to learn!!!!] but found [Test QA Tech Hub – Learning By Doing is the best way to learn!]
at test.WorkingWithChrome.verifyTitleOfThePage(WorkingWithChrome.java:111)
at java.base/java.util.ArrayList.forEach(ArrayList.java:1511)
... Removed 33 stack frames]]>
    </failure>
  </testcase> <!-- verifyTitleOfThePage -->
  <testcase classname="test.AmazonTest" name="verifySearchProoduct" time="8.89"/>
</testsuite> <!-- Test -->
